<?xml version="1.0" encoding="UTF-8"?>
<Site BuildName="(empty)"
	BuildStamp="20241203-1240-Experimental"
	Name="(empty)"
	Generator="ctest-3.28.1"
	CompilerName=""
	CompilerVersion=""
	OSName="Windows"
	Hostname="Alex_Notebook"
	OSRelease=" Personal"
	OSVersion=" (Build 22631)"
	OSPlatform="AMD64"
	Is64Bits="1"
	VendorString="GenuineIntel"
	VendorID="Intel Corporation"
	FamilyID="6"
	ModelID="14"
	ProcessorCacheSize="-1"
	NumberOfLogicalCPU="8"
	NumberOfPhysicalCPU="4"
	TotalVirtualMemory="10550"
	TotalPhysicalMemory="7990"
	LogicalProcessorsPerPhysical="2"
	ProcessorClockFrequency="2112"
	>
	<Testing>
		<StartDateTime>Dec 03 14:40 FLE Standard Time</StartDateTime>
		<StartTestTime>1733229659</StartTestTime>
		<TestList/>
		<EndDateTime>Dec 03 14:40 FLE Standard Time</EndDateTime>
		<EndTestTime>1733229659</EndTestTime>
		<ElapsedMinutes>0</ElapsedMinutes>
	</Testing>
</Site>
